<?xml version="1.0" encoding="UTF-8"?>
<!-- Generated by org.testng.reporters.JUnitXMLReporter -->
<testsuite hostname="DESKTOP-PJ4T7BF" ignored="0" name="Test" tests="4" failures="0" timestamp="2021-10-31T22:31:03 CDT" time="96.265" errors="0">
  <testcase name="createLead" time="11.293" classname="integrateDataProWExcel.DataProvider_CreateLead"/>
  <testcase name="createLead" time="9.445" classname="integrateDataProWExcel.DataProvider_CreateLead"/>
  <testcase name="createLead" time="8.638" classname="integrateDataProWExcel.DataProvider_CreateLead"/>
  <testcase name="createLead" time="9.784" classname="integrateDataProWExcel.DataProvider_CreateLead"/>
</testsuite> <!-- Test -->
