<?xml version="1.0" encoding="UTF-8"?>
<!-- Generated by org.testng.reporters.JUnitXMLReporter -->
<testsuite hostname="DESKTOP-PJ4T7BF" ignored="0" name="Test" tests="4" failures="0" timestamp="2022-11-05T09:20:31 CDT" time="83.724" errors="0">
  <testcase name="createLead" time="11.545" classname="integrateDataProWExcel.DataProvider_CreateLead"/>
  <testcase name="createLead" time="10.369" classname="integrateDataProWExcel.DataProvider_CreateLead"/>
  <testcase name="createLead" time="10.478" classname="integrateDataProWExcel.DataProvider_CreateLead"/>
  <testcase name="createLead" time="10.386" classname="integrateDataProWExcel.DataProvider_CreateLead"/>
</testsuite> <!-- Test -->
