<?xml version="1.0" encoding="UTF-8"?>
<!-- Generated by org.testng.reporters.JUnitXMLReporter -->
<testsuite hostname="DESKTOP-PJ4T7BF" ignored="0" name="Default test" tests="3" failures="0" timestamp="2024-04-04T16:39:37 CDT" time="119.808" errors="0">
  <testcase name="createLead" time="27.378" classname="tc_ConnectInheritanceConcept.CreateLead"/>
  <testcase name="createLead" time="14.693" classname="tc_ConnectInheritanceConcept.CreateLead"/>
  <testcase name="createLead" time="18.171" classname="tc_ConnectInheritanceConcept.CreateLead"/>
</testsuite> <!-- Default test -->
